rawDroid/build/outputs/apk/manifest-merger-pro-release-report.txt
-- Merging decision tree log ---
manifest
ADDED from AndroidManifest.xml:2:1
	package
		ADDED from AndroidManifest.xml:4:5
		INJECTED from AndroidManifest.xml:0:0
		ADDED from AndroidManifest.xml:4:5
		INJECTED from AndroidManifest.xml:0:0
	android:versionName
		INJECTED from AndroidManifest.xml:0:0
		ADDED from AndroidManifest.xml:2:1
		INJECTED from AndroidManifest.xml:0:0
	xmlns:tools
		ADDED from AndroidManifest.xml:3:5
		ADDED from AndroidManifest.xml:3:5
	xmlns:android
		ADDED from AndroidManifest.xml:2:11
	android:versionCode
		INJECTED from AndroidManifest.xml:0:0
		ADDED from AndroidManifest.xml:2:1
		INJECTED from AndroidManifest.xml:0:0
uses-permission#android.permission.READ_EXTERNAL_STORAGE
ADDED from AndroidManifest.xml:6:5
	android:name
		ADDED from AndroidManifest.xml:6:22
uses-permission#android.permission.WRITE_EXTERNAL_STORAGE
ADDED from AndroidManifest.xml:7:5
MERGED from rawdroid:oIFileManager:unspecified:48:5
	android:name
		ADDED from AndroidManifest.xml:7:22
uses-permission#android.permission.READ_MEDIA_STORAGE
ADDED from AndroidManifest.xml:8:5
	android:name
		ADDED from AndroidManifest.xml:8:22
uses-permission#android.permission.SET_WALLPAPER
ADDED from AndroidManifest.xml:9:5
	android:name
		ADDED from AndroidManifest.xml:9:22
uses-feature#android.hardware.usb.host
ADDED from AndroidManifest.xml:11:5
	android:required
		ADDED from AndroidManifest.xml:13:9
	android:name
		ADDED from AndroidManifest.xml:12:9
uses-feature#android.software.live_wallpaper
ADDED from AndroidManifest.xml:14:5
	android:required
		ADDED from AndroidManifest.xml:16:9
	android:name
		ADDED from AndroidManifest.xml:15:9
uses-feature#android.hardware.touchscreen.multitouch
ADDED from AndroidManifest.xml:17:5
	android:required
		ADDED from AndroidManifest.xml:19:9
	android:name
		ADDED from AndroidManifest.xml:18:9
uses-feature#android.hardware.touchscreen
ADDED from AndroidManifest.xml:20:5
MERGED from rawdroid:oIFileManager:unspecified:50:5
	android:required
		ADDED from AndroidManifest.xml:22:9
	android:name
		ADDED from AndroidManifest.xml:21:9
supports-screens
ADDED from AndroidManifest.xml:24:5
	android:largeScreens
		ADDED from AndroidManifest.xml:26:9
	android:smallScreens
		ADDED from AndroidManifest.xml:29:9
	android:normalScreens
		ADDED from AndroidManifest.xml:27:9
	android:xlargeScreens
		ADDED from AndroidManifest.xml:30:9
	android:resizeable
		ADDED from AndroidManifest.xml:28:9
	android:anyDensity
		ADDED from AndroidManifest.xml:25:9
application
ADDED from AndroidManifest.xml:32:5
MERGED from AndroidManifest.xml:32:5
MERGED from rawdroid:inscription:unspecified:11:5
MERGED from rawdroid:oIFileManager:unspecified:54:5
MERGED from com.android.support:support-v4:21.0.3:16:5
MERGED from com.actionbarsherlock:actionbarsherlock:4.4.0:4:3
	android:label
		ADDED from AndroidManifest.xml:36:9
		ADDED from AndroidManifest.xml:36:9
		REJECTED from rawdroid:oIFileManager:unspecified:56:9
	android:hardwareAccelerated
		ADDED from AndroidManifest.xml:34:9
		ADDED from AndroidManifest.xml:34:9
	android:allowBackup
		ADDED from AndroidManifest.xml:33:9
		ADDED from AndroidManifest.xml:33:9
	android:icon
		ADDED from AndroidManifest.xml:35:9
		ADDED from AndroidManifest.xml:35:9
		REJECTED from rawdroid:oIFileManager:unspecified:55:9
	android:largeHeap
		ADDED from AndroidManifest.xml:37:9
		ADDED from AndroidManifest.xml:37:9
	tools:replace
		ADDED from AndroidManifest.xml:38:9
		ADDED from AndroidManifest.xml:38:9
activity#com.anthonymandra.rawdroid.RawDroid
ADDED from AndroidManifest.xml:40:9
	android:label
		ADDED from AndroidManifest.xml:43:13
	android:configChanges
		ADDED from AndroidManifest.xml:42:13
	android:theme
		ADDED from AndroidManifest.xml:44:13
	android:name
		ADDED from AndroidManifest.xml:41:13
intent-filter#android.intent.action.MAIN+android.intent.category.LAUNCHER
ADDED from AndroidManifest.xml:45:13
action#android.intent.action.MAIN
ADDED from AndroidManifest.xml:46:17
	android:name
		ADDED from AndroidManifest.xml:46:25
category#android.intent.category.LAUNCHER
ADDED from AndroidManifest.xml:48:17
	android:name
		ADDED from AndroidManifest.xml:48:27
activity#com.anthonymandra.rawdroid.CameraImport
ADDED from AndroidManifest.xml:52:9
	android:configChanges
		ADDED from AndroidManifest.xml:54:13
	android:name
		ADDED from AndroidManifest.xml:53:13
intent-filter#android.hardware.usb.action.USB_DEVICE_ATTACHED
ADDED from AndroidManifest.xml:55:13
action#android.hardware.usb.action.USB_DEVICE_ATTACHED
ADDED from AndroidManifest.xml:56:17
	android:name
		ADDED from AndroidManifest.xml:56:25
meta-data#android.hardware.usb.action.USB_DEVICE_ATTACHED
ADDED from AndroidManifest.xml:58:13
	android:resource
		ADDED from AndroidManifest.xml:60:17
	android:name
		ADDED from AndroidManifest.xml:59:17
activity#com.anthonymandra.rawdroid.ViewerChooser
ADDED from AndroidManifest.xml:63:9
	android:name
		ADDED from AndroidManifest.xml:64:13
intent-filter#android.intent.action.VIEW+android.intent.category.BROWSABLE+android.intent.category.DEFAULT
ADDED from AndroidManifest.xml:65:13
action#android.intent.action.VIEW
ADDED from AndroidManifest.xml:66:17
	android:name
		ADDED from AndroidManifest.xml:66:25
category#android.intent.category.DEFAULT
ADDED from AndroidManifest.xml:67:17
	android:name
		ADDED from AndroidManifest.xml:67:27
category#android.intent.category.BROWSABLE
ADDED from AndroidManifest.xml:68:17
	android:name
		ADDED from AndroidManifest.xml:68:27
data
ADDED from AndroidManifest.xml:69:17
	android:mimeType
		ADDED from AndroidManifest.xml:69:23
activity#com.anthonymandra.rawdroid.LegacyViewerActivity
ADDED from AndroidManifest.xml:156:9
	android:configChanges
		ADDED from AndroidManifest.xml:158:13
	android:theme
		ADDED from AndroidManifest.xml:159:13
	android:name
		ADDED from AndroidManifest.xml:157:13
activity#com.anthonymandra.rawdroid.ImageViewActivity
ADDED from AndroidManifest.xml:160:9
	android:configChanges
		ADDED from AndroidManifest.xml:162:13
	android:theme
		ADDED from AndroidManifest.xml:163:13
	android:name
		ADDED from AndroidManifest.xml:161:13
meta-data#android.support.PARENT_ACTIVITY
ADDED from AndroidManifest.xml:164:13
	android:value
		ADDED from AndroidManifest.xml:166:17
	android:name
		ADDED from AndroidManifest.xml:165:17
activity#com.anthonymandra.rawdroid.FullSettingsActivity
ADDED from AndroidManifest.xml:169:9
	android:name
		ADDED from AndroidManifest.xml:169:19
uses-sdk
INJECTED from AndroidManifest.xml:0:0 reason: use-sdk injection requested
MERGED from rawdroid.showcaseView:library:unspecified:22:5
MERGED from rawdroid:inscription:unspecified:7:5
MERGED from rawdroid:treeviewlistandroid:unspecified:7:5
MERGED from rawdroid:metaDataExtractor:unspecified:7:5
MERGED from rawdroid:oIFileManager:unspecified:38:5
MERGED from com.android.support:support-v4:21.0.3:15:5
MERGED from com.actionbarsherlock:actionbarsherlock:4.4.0:3:3
	android:targetSdkVersion
		INJECTED from AndroidManifest.xml:0:0
		INJECTED from AndroidManifest.xml:0:0
	android:minSdkVersion
		INJECTED from AndroidManifest.xml:0:0
		INJECTED from AndroidManifest.xml:0:0
activity#org.openintents.filemanager.FileManagerActivity
ADDED from rawdroid:oIFileManager:unspecified:57:9
	android:label
		ADDED from rawdroid:oIFileManager:unspecified:59:13
	android:name
		ADDED from rawdroid:oIFileManager:unspecified:58:13
intent-filter#android.intent.category.DEFAULT+org.openintents.action.PICK_FILE
ADDED from rawdroid:oIFileManager:unspecified:68:13
action#org.openintents.action.PICK_FILE
ADDED from rawdroid:oIFileManager:unspecified:69:17
	android:name
		ADDED from rawdroid:oIFileManager:unspecified:69:25
intent-filter#android.intent.category.DEFAULT+org.openintents.action.PICK_DIRECTORY
ADDED from rawdroid:oIFileManager:unspecified:80:13
action#org.openintents.action.PICK_DIRECTORY
ADDED from rawdroid:oIFileManager:unspecified:81:17
	android:name
		ADDED from rawdroid:oIFileManager:unspecified:81:25
intent-filter#android.intent.action.GET_CONTENT+android.intent.category.DEFAULT+android.intent.category.OPENABLE
ADDED from rawdroid:oIFileManager:unspecified:92:13
action#android.intent.action.GET_CONTENT
ADDED from rawdroid:oIFileManager:unspecified:93:17
	android:name
		ADDED from rawdroid:oIFileManager:unspecified:93:25
category#android.intent.category.OPENABLE
ADDED from rawdroid:oIFileManager:unspecified:98:17
	android:name
		ADDED from rawdroid:oIFileManager:unspecified:98:27
intent-filter#android.intent.category.DEFAULT+org.openintents.action.MULTI_SELECT
ADDED from rawdroid:oIFileManager:unspecified:102:13
action#org.openintents.action.MULTI_SELECT
ADDED from rawdroid:oIFileManager:unspecified:103:17
	android:name
		ADDED from rawdroid:oIFileManager:unspecified:103:25